[2025-11-06 13:10:05] testing.INFO: Processed 5 addresses for CSV upload {"upload_id":1} 
[2025-11-06 13:10:12] testing.INFO: Processed 1 addresses for CSV upload {"upload_id":1} 
[2025-11-06 13:14:45] local.ERROR: Class "Spatie\Enum\Enum" does not exist {"exception":"[object] (ReflectionException(code: 0): Class \"Spatie\\Enum\\Enum\" does not exist at /Users/aliuother/LaravelProjects/php-engineer-panel/vendor/spatie/typescript-transformer/src/Transformers/SpatieEnumTransformer.php:18)
[stacktrace]
#0 /Users/aliuother/LaravelProjects/php-engineer-panel/vendor/spatie/typescript-transformer/src/Transformers/SpatieEnumTransformer.php(18): ReflectionClass->isSubclassOf('Spatie\\\\Enum\\\\Enu...')
#1 /Users/aliuother/LaravelProjects/php-engineer-panel/vendor/spatie/typescript-transformer/src/Collectors/DefaultCollector.php(65): Spatie\\TypeScriptTransformer\\Transformers\\SpatieEnumTransformer->transform(Object(ReflectionClass), 'CsvUploadData')
#2 /Users/aliuother/LaravelProjects/php-engineer-panel/vendor/spatie/typescript-transformer/src/Collectors/DefaultCollector.php(26): Spatie\\TypeScriptTransformer\\Collectors\\DefaultCollector->resolveTypeViaTransformer(Object(Spatie\\TypeScriptTransformer\\TypeReflectors\\ClassTypeReflector))
#3 /Users/aliuother/LaravelProjects/php-engineer-panel/vendor/spatie/typescript-transformer/src/Actions/ResolveTypesCollectionAction.php(77): Spatie\\TypeScriptTransformer\\Collectors\\DefaultCollector->getTransformedType(Object(ReflectionClass))
#4 /Users/aliuother/LaravelProjects/php-engineer-panel/vendor/spatie/typescript-transformer/src/Actions/ResolveTypesCollectionAction.php(43): Spatie\\TypeScriptTransformer\\Actions\\ResolveTypesCollectionAction->resolveTransformedType(Object(ReflectionClass))
#5 /Users/aliuother/LaravelProjects/php-engineer-panel/vendor/spatie/typescript-transformer/src/TypeScriptTransformer.php(30): Spatie\\TypeScriptTransformer\\Actions\\ResolveTypesCollectionAction->execute()
#6 /Users/aliuother/LaravelProjects/php-engineer-panel/vendor/spatie/laravel-typescript-transformer/src/Commands/TypeScriptTransformCommand.php(54): Spatie\\TypeScriptTransformer\\TypeScriptTransformer->transform()
#7 /Users/aliuother/LaravelProjects/php-engineer-panel/vendor/laravel/framework/src/Illuminate/Container/BoundMethod.php(36): Spatie\\LaravelTypeScriptTransformer\\Commands\\TypeScriptTransformCommand->handle(Object(Spatie\\TypeScriptTransformer\\TypeScriptTransformerConfig))
#8 /Users/aliuother/LaravelProjects/php-engineer-panel/vendor/laravel/framework/src/Illuminate/Container/Util.php(43): Illuminate\\Container\\BoundMethod::Illuminate\\Container\\{closure}()
#9 /Users/aliuother/LaravelProjects/php-engineer-panel/vendor/laravel/framework/src/Illuminate/Container/BoundMethod.php(95): Illuminate\\Container\\Util::unwrapIfClosure(Object(Closure))
#10 /Users/aliuother/LaravelProjects/php-engineer-panel/vendor/laravel/framework/src/Illuminate/Container/BoundMethod.php(35): Illuminate\\Container\\BoundMethod::callBoundMethod(Object(Illuminate\\Foundation\\Application), Array, Object(Closure))
#11 /Users/aliuother/LaravelProjects/php-engineer-panel/vendor/laravel/framework/src/Illuminate/Container/Container.php(690): Illuminate\\Container\\BoundMethod::call(Object(Illuminate\\Foundation\\Application), Array, Array, NULL)
#12 /Users/aliuother/LaravelProjects/php-engineer-panel/vendor/laravel/framework/src/Illuminate/Console/Command.php(213): Illuminate\\Container\\Container->call(Array)
#13 /Users/aliuother/LaravelProjects/php-engineer-panel/vendor/symfony/console/Command/Command.php(279): Illuminate\\Console\\Command->execute(Object(Symfony\\Component\\Console\\Input\\ArgvInput), Object(Illuminate\\Console\\OutputStyle))
#14 /Users/aliuother/LaravelProjects/php-engineer-panel/vendor/laravel/framework/src/Illuminate/Console/Command.php(182): Symfony\\Component\\Console\\Command\\Command->run(Object(Symfony\\Component\\Console\\Input\\ArgvInput), Object(Illuminate\\Console\\OutputStyle))
#15 /Users/aliuother/LaravelProjects/php-engineer-panel/vendor/symfony/console/Application.php(1047): Illuminate\\Console\\Command->run(Object(Symfony\\Component\\Console\\Input\\ArgvInput), Object(Symfony\\Component\\Console\\Output\\ConsoleOutput))
#16 /Users/aliuother/LaravelProjects/php-engineer-panel/vendor/symfony/console/Application.php(316): Symfony\\Component\\Console\\Application->doRunCommand(Object(Spatie\\LaravelTypeScriptTransformer\\Commands\\TypeScriptTransformCommand), Object(Symfony\\Component\\Console\\Input\\ArgvInput), Object(Symfony\\Component\\Console\\Output\\ConsoleOutput))
#17 /Users/aliuother/LaravelProjects/php-engineer-panel/vendor/symfony/console/Application.php(167): Symfony\\Component\\Console\\Application->doRun(Object(Symfony\\Component\\Console\\Input\\ArgvInput), Object(Symfony\\Component\\Console\\Output\\ConsoleOutput))
#18 /Users/aliuother/LaravelProjects/php-engineer-panel/vendor/laravel/framework/src/Illuminate/Foundation/Console/Kernel.php(197): Symfony\\Component\\Console\\Application->run(Object(Symfony\\Component\\Console\\Input\\ArgvInput), Object(Symfony\\Component\\Console\\Output\\ConsoleOutput))
#19 /Users/aliuother/LaravelProjects/php-engineer-panel/vendor/laravel/framework/src/Illuminate/Foundation/Application.php(1203): Illuminate\\Foundation\\Console\\Kernel->handle(Object(Symfony\\Component\\Console\\Input\\ArgvInput), Object(Symfony\\Component\\Console\\Output\\ConsoleOutput))
#20 /Users/aliuother/LaravelProjects/php-engineer-panel/artisan(13): Illuminate\\Foundation\\Application->handleCommand(Object(Symfony\\Component\\Console\\Input\\ArgvInput))
#21 {main}
"} 
[2025-11-06 13:15:46] testing.INFO: Processed 5 addresses for CSV upload {"upload_id":1} 
[2025-11-06 13:15:53] testing.INFO: Processed 1 addresses for CSV upload {"upload_id":1} 
[2025-11-06 13:16:22] local.ERROR: Cannot create data collectable of type `` from `array` {"userId":1,"exception":"[object] (Spatie\\LaravelData\\Exceptions\\CannotCreateDataCollectable(code: 0): Cannot create data collectable of type `` from `array` at /Users/aliuother/LaravelProjects/php-engineer-panel/vendor/spatie/laravel-data/src/Exceptions/CannotCreateDataCollectable.php:13)
[stacktrace]
#0 /Users/aliuother/LaravelProjects/php-engineer-panel/vendor/spatie/laravel-data/src/Resolvers/DataCollectableFromSomethingResolver.php(64): Spatie\\LaravelData\\Exceptions\\CannotCreateDataCollectable::create('array', '')
#1 /Users/aliuother/LaravelProjects/php-engineer-panel/vendor/spatie/laravel-data/src/Support/Creation/CreationContextFactory.php(226): Spatie\\LaravelData\\Resolvers\\DataCollectableFromSomethingResolver->execute('App\\\\Data\\\\Web\\\\Cs...', Object(Spatie\\LaravelData\\Support\\Creation\\CreationContext), Array, '')
#2 /Users/aliuother/LaravelProjects/php-engineer-panel/vendor/spatie/laravel-data/src/Concerns/BaseData.php(51): Spatie\\LaravelData\\Support\\Creation\\CreationContextFactory->collect(Array, '')
#3 /Users/aliuother/LaravelProjects/php-engineer-panel/app/Http/Controllers/CsvUploadController.php(51): Spatie\\LaravelData\\Data::collect(Array, '')
#4 /Users/aliuother/LaravelProjects/php-engineer-panel/vendor/laravel/framework/src/Illuminate/Routing/ControllerDispatcher.php(46): App\\Http\\Controllers\\CsvUploadController->show(Object(App\\Models\\CsvUpload))
#5 /Users/aliuother/LaravelProjects/php-engineer-panel/vendor/laravel/framework/src/Illuminate/Routing/Route.php(262): Illuminate\\Routing\\ControllerDispatcher->dispatch(Object(Illuminate\\Routing\\Route), Object(App\\Http\\Controllers\\CsvUploadController), 'show')
#6 /Users/aliuother/LaravelProjects/php-engineer-panel/vendor/laravel/framework/src/Illuminate/Routing/Route.php(208): Illuminate\\Routing\\Route->runController()
#7 /Users/aliuother/LaravelProjects/php-engineer-panel/vendor/laravel/framework/src/Illuminate/Routing/Router.php(808): Illuminate\\Routing\\Route->run()
#8 /Users/aliuother/LaravelProjects/php-engineer-panel/vendor/laravel/framework/src/Illuminate/Pipeline/Pipeline.php(144): Illuminate\\Routing\\Router->Illuminate\\Routing\\{closure}(Object(Illuminate\\Http\\Request))
#9 /Users/aliuother/LaravelProjects/php-engineer-panel/vendor/laravel/framework/src/Illuminate/Http/Middleware/AddLinkHeadersForPreloadedAssets.php(20): Illuminate\\Pipeline\\Pipeline->Illuminate\\Pipeline\\{closure}(Object(Illuminate\\Http\\Request))
#10 /Users/aliuother/LaravelProjects/php-engineer-panel/vendor/laravel/framework/src/Illuminate/Pipeline/Pipeline.php(183): Illuminate\\Http\\Middleware\\AddLinkHeadersForPreloadedAssets->handle(Object(Illuminate\\Http\\Request), Object(Closure))
#11 /Users/aliuother/LaravelProjects/php-engineer-panel/vendor/inertiajs/inertia-laravel/src/Middleware.php(86): Illuminate\\Pipeline\\Pipeline->Illuminate\\Pipeline\\{closure}(Object(Illuminate\\Http\\Request))
#12 /Users/aliuother/LaravelProjects/php-engineer-panel/vendor/laravel/framework/src/Illuminate/Pipeline/Pipeline.php(183): Inertia\\Middleware->handle(Object(Illuminate\\Http\\Request), Object(Closure))
#13 /Users/aliuother/LaravelProjects/php-engineer-panel/vendor/laravel/framework/src/Illuminate/Routing/Middleware/SubstituteBindings.php(51): Illuminate\\Pipeline\\Pipeline->Illuminate\\Pipeline\\{closure}(Object(Illuminate\\Http\\Request))
#14 /Users/aliuother/LaravelProjects/php-engineer-panel/vendor/laravel/framework/src/Illuminate/Pipeline/Pipeline.php(183): Illuminate\\Routing\\Middleware\\SubstituteBindings->handle(Object(Illuminate\\Http\\Request), Object(Closure))
#15 /Users/aliuother/LaravelProjects/php-engineer-panel/vendor/laravel/framework/src/Illuminate/Auth/Middleware/Authenticate.php(64): Illuminate\\Pipeline\\Pipeline->Illuminate\\Pipeline\\{closure}(Object(Illuminate\\Http\\Request))
#16 /Users/aliuother/LaravelProjects/php-engineer-panel/vendor/laravel/framework/src/Illuminate/Pipeline/Pipeline.php(183): Illuminate\\Auth\\Middleware\\Authenticate->handle(Object(Illuminate\\Http\\Request), Object(Closure))
#17 /Users/aliuother/LaravelProjects/php-engineer-panel/vendor/laravel/framework/src/Illuminate/Foundation/Http/Middleware/VerifyCsrfToken.php(88): Illuminate\\Pipeline\\Pipeline->Illuminate\\Pipeline\\{closure}(Object(Illuminate\\Http\\Request))
#18 /Users/aliuother/LaravelProjects/php-engineer-panel/vendor/laravel/framework/src/Illuminate/Pipeline/Pipeline.php(183): Illuminate\\Foundation\\Http\\Middleware\\VerifyCsrfToken->handle(Object(Illuminate\\Http\\Request), Object(Closure))
#19 /Users/aliuother/LaravelProjects/php-engineer-panel/vendor/laravel/framework/src/Illuminate/View/Middleware/ShareErrorsFromSession.php(49): Illuminate\\Pipeline\\Pipeline->Illuminate\\Pipeline\\{closure}(Object(Illuminate\\Http\\Request))
#20 /Users/aliuother/LaravelProjects/php-engineer-panel/vendor/laravel/framework/src/Illuminate/Pipeline/Pipeline.php(183): Illuminate\\View\\Middleware\\ShareErrorsFromSession->handle(Object(Illuminate\\Http\\Request), Object(Closure))
#21 /Users/aliuother/LaravelProjects/php-engineer-panel/vendor/laravel/framework/src/Illuminate/Session/Middleware/StartSession.php(121): Illuminate\\Pipeline\\Pipeline->Illuminate\\Pipeline\\{closure}(Object(Illuminate\\Http\\Request))
#22 /Users/aliuother/LaravelProjects/php-engineer-panel/vendor/laravel/framework/src/Illuminate/Session/Middleware/StartSession.php(64): Illuminate\\Session\\Middleware\\StartSession->handleStatefulRequest(Object(Illuminate\\Http\\Request), Object(Illuminate\\Session\\Store), Object(Closure))
#23 /Users/aliuother/LaravelProjects/php-engineer-panel/vendor/laravel/framework/src/Illuminate/Pipeline/Pipeline.php(183): Illuminate\\Session\\Middleware\\StartSession->handle(Object(Illuminate\\Http\\Request), Object(Closure))
#24 /Users/aliuother/LaravelProjects/php-engineer-panel/vendor/laravel/framework/src/Illuminate/Cookie/Middleware/AddQueuedCookiesToResponse.php(37): Illuminate\\Pipeline\\Pipeline->Illuminate\\Pipeline\\{closure}(Object(Illuminate\\Http\\Request))
#25 /Users/aliuother/LaravelProjects/php-engineer-panel/vendor/laravel/framework/src/Illuminate/Pipeline/Pipeline.php(183): Illuminate\\Cookie\\Middleware\\AddQueuedCookiesToResponse->handle(Object(Illuminate\\Http\\Request), Object(Closure))
#26 /Users/aliuother/LaravelProjects/php-engineer-panel/vendor/laravel/framework/src/Illuminate/Cookie/Middleware/EncryptCookies.php(75): Illuminate\\Pipeline\\Pipeline->Illuminate\\Pipeline\\{closure}(Object(Illuminate\\Http\\Request))
#27 /Users/aliuother/LaravelProjects/php-engineer-panel/vendor/laravel/framework/src/Illuminate/Pipeline/Pipeline.php(183): Illuminate\\Cookie\\Middleware\\EncryptCookies->handle(Object(Illuminate\\Http\\Request), Object(Closure))
#28 /Users/aliuother/LaravelProjects/php-engineer-panel/vendor/laravel/framework/src/Illuminate/Pipeline/Pipeline.php(119): Illuminate\\Pipeline\\Pipeline->Illuminate\\Pipeline\\{closure}(Object(Illuminate\\Http\\Request))
#29 /Users/aliuother/LaravelProjects/php-engineer-panel/vendor/laravel/framework/src/Illuminate/Routing/Router.php(807): Illuminate\\Pipeline\\Pipeline->then(Object(Closure))
#30 /Users/aliuother/LaravelProjects/php-engineer-panel/vendor/laravel/framework/src/Illuminate/Routing/Router.php(786): Illuminate\\Routing\\Router->runRouteWithinStack(Object(Illuminate\\Routing\\Route), Object(Illuminate\\Http\\Request))
#31 /Users/aliuother/LaravelProjects/php-engineer-panel/vendor/laravel/framework/src/Illuminate/Routing/Router.php(750): Illuminate\\Routing\\Router->runRoute(Object(Illuminate\\Http\\Request), Object(Illuminate\\Routing\\Route))
#32 /Users/aliuother/LaravelProjects/php-engineer-panel/vendor/laravel/framework/src/Illuminate/Routing/Router.php(739): Illuminate\\Routing\\Router->dispatchToRoute(Object(Illuminate\\Http\\Request))
#33 /Users/aliuother/LaravelProjects/php-engineer-panel/vendor/laravel/framework/src/Illuminate/Foundation/Http/Kernel.php(201): Illuminate\\Routing\\Router->dispatch(Object(Illuminate\\Http\\Request))
#34 /Users/aliuother/LaravelProjects/php-engineer-panel/vendor/laravel/framework/src/Illuminate/Pipeline/Pipeline.php(144): Illuminate\\Foundation\\Http\\Kernel->Illuminate\\Foundation\\Http\\{closure}(Object(Illuminate\\Http\\Request))
#35 /Users/aliuother/LaravelProjects/php-engineer-panel/vendor/laravel/framework/src/Illuminate/Foundation/Http/Middleware/TransformsRequest.php(21): Illuminate\\Pipeline\\Pipeline->Illuminate\\Pipeline\\{closure}(Object(Illuminate\\Http\\Request))
#36 /Users/aliuother/LaravelProjects/php-engineer-panel/vendor/laravel/framework/src/Illuminate/Foundation/Http/Middleware/ConvertEmptyStringsToNull.php(31): Illuminate\\Foundation\\Http\\Middleware\\TransformsRequest->handle(Object(Illuminate\\Http\\Request), Object(Closure))
#37 /Users/aliuother/LaravelProjects/php-engineer-panel/vendor/laravel/framework/src/Illuminate/Pipeline/Pipeline.php(183): Illuminate\\Foundation\\Http\\Middleware\\ConvertEmptyStringsToNull->handle(Object(Illuminate\\Http\\Request), Object(Closure))
#38 /Users/aliuother/LaravelProjects/php-engineer-panel/vendor/laravel/framework/src/Illuminate/Foundation/Http/Middleware/TransformsRequest.php(21): Illuminate\\Pipeline\\Pipeline->Illuminate\\Pipeline\\{closure}(Object(Illuminate\\Http\\Request))
#39 /Users/aliuother/LaravelProjects/php-engineer-panel/vendor/laravel/framework/src/Illuminate/Foundation/Http/Middleware/TrimStrings.php(51): Illuminate\\Foundation\\Http\\Middleware\\TransformsRequest->handle(Object(Illuminate\\Http\\Request), Object(Closure))
#40 /Users/aliuother/LaravelProjects/php-engineer-panel/vendor/laravel/framework/src/Illuminate/Pipeline/Pipeline.php(183): Illuminate\\Foundation\\Http\\Middleware\\TrimStrings->handle(Object(Illuminate\\Http\\Request), Object(Closure))
#41 /Users/aliuother/LaravelProjects/php-engineer-panel/vendor/laravel/framework/src/Illuminate/Http/Middleware/ValidatePostSize.php(27): Illuminate\\Pipeline\\Pipeline->Illuminate\\Pipeline\\{closure}(Object(Illuminate\\Http\\Request))
#42 /Users/aliuother/LaravelProjects/php-engineer-panel/vendor/laravel/framework/src/Illuminate/Pipeline/Pipeline.php(183): Illuminate\\Http\\Middleware\\ValidatePostSize->handle(Object(Illuminate\\Http\\Request), Object(Closure))
#43 /Users/aliuother/LaravelProjects/php-engineer-panel/vendor/laravel/framework/src/Illuminate/Foundation/Http/Middleware/PreventRequestsDuringMaintenance.php(110): Illuminate\\Pipeline\\Pipeline->Illuminate\\Pipeline\\{closure}(Object(Illuminate\\Http\\Request))
#44 /Users/aliuother/LaravelProjects/php-engineer-panel/vendor/laravel/framework/src/Illuminate/Pipeline/Pipeline.php(183): Illuminate\\Foundation\\Http\\Middleware\\PreventRequestsDuringMaintenance->handle(Object(Illuminate\\Http\\Request), Object(Closure))
#45 /Users/aliuother/LaravelProjects/php-engineer-panel/vendor/laravel/framework/src/Illuminate/Http/Middleware/HandleCors.php(49): Illuminate\\Pipeline\\Pipeline->Illuminate\\Pipeline\\{closure}(Object(Illuminate\\Http\\Request))
#46 /Users/aliuother/LaravelProjects/php-engineer-panel/vendor/laravel/framework/src/Illuminate/Pipeline/Pipeline.php(183): Illuminate\\Http\\Middleware\\HandleCors->handle(Object(Illuminate\\Http\\Request), Object(Closure))
#47 /Users/aliuother/LaravelProjects/php-engineer-panel/vendor/laravel/framework/src/Illuminate/Http/Middleware/TrustProxies.php(58): Illuminate\\Pipeline\\Pipeline->Illuminate\\Pipeline\\{closure}(Object(Illuminate\\Http\\Request))
#48 /Users/aliuother/LaravelProjects/php-engineer-panel/vendor/laravel/framework/src/Illuminate/Pipeline/Pipeline.php(183): Illuminate\\Http\\Middleware\\TrustProxies->handle(Object(Illuminate\\Http\\Request), Object(Closure))
#49 /Users/aliuother/LaravelProjects/php-engineer-panel/vendor/laravel/framework/src/Illuminate/Foundation/Http/Middleware/InvokeDeferredCallbacks.php(22): Illuminate\\Pipeline\\Pipeline->Illuminate\\Pipeline\\{closure}(Object(Illuminate\\Http\\Request))
#50 /Users/aliuother/LaravelProjects/php-engineer-panel/vendor/laravel/framework/src/Illuminate/Pipeline/Pipeline.php(183): Illuminate\\Foundation\\Http\\Middleware\\InvokeDeferredCallbacks->handle(Object(Illuminate\\Http\\Request), Object(Closure))
#51 /Users/aliuother/LaravelProjects/php-engineer-panel/vendor/laravel/framework/src/Illuminate/Pipeline/Pipeline.php(119): Illuminate\\Pipeline\\Pipeline->Illuminate\\Pipeline\\{closure}(Object(Illuminate\\Http\\Request))
#52 /Users/aliuother/LaravelProjects/php-engineer-panel/vendor/laravel/framework/src/Illuminate/Foundation/Http/Kernel.php(176): Illuminate\\Pipeline\\Pipeline->then(Object(Closure))
#53 /Users/aliuother/LaravelProjects/php-engineer-panel/vendor/laravel/framework/src/Illuminate/Foundation/Http/Kernel.php(145): Illuminate\\Foundation\\Http\\Kernel->sendRequestThroughRouter(Object(Illuminate\\Http\\Request))
#54 /Users/aliuother/LaravelProjects/php-engineer-panel/vendor/laravel/framework/src/Illuminate/Foundation/Application.php(1188): Illuminate\\Foundation\\Http\\Kernel->handle(Object(Illuminate\\Http\\Request))
#55 /Users/aliuother/LaravelProjects/php-engineer-panel/public/index.php(17): Illuminate\\Foundation\\Application->handleRequest(Object(Illuminate\\Http\\Request))
#56 /Applications/Herd.app/Contents/Resources/valet/server.php(167): require('/Users/aliuothe...')
#57 {main}
"} 
[2025-11-06 13:17:59] local.INFO: Processed 0 addresses for CSV upload {"upload_id":2} 
[2025-11-06 13:18:57] local.INFO: Processed 5 addresses for CSV upload {"upload_id":3} 
[2025-11-06 17:04:50] testing.INFO: Processed 5 addresses for CSV upload {"upload_id":1} 
[2025-11-06 17:04:57] testing.INFO: Processed 1 addresses for CSV upload {"upload_id":1} 
[2025-11-06 17:07:11] testing.INFO: Processed 5 addresses for CSV upload {"upload_id":1} 
[2025-11-06 17:07:18] testing.INFO: Processed 1 addresses for CSV upload {"upload_id":1} 
[2025-11-06 17:11:42] testing.INFO: Processed 5 addresses for CSV upload {"upload_id":1} 
[2025-11-06 17:11:49] testing.INFO: Processed 1 addresses for CSV upload {"upload_id":1} 
[2025-11-06 17:13:50] testing.INFO: Processed 5 addresses for CSV upload {"upload_id":1} 
[2025-11-06 17:13:54] testing.INFO: Processed 1 addresses for CSV upload {"upload_id":1} 
[2025-11-06 17:14:31] testing.INFO: Processed 5 addresses for CSV upload {"upload_id":1} 
[2025-11-06 17:14:39] testing.INFO: Processed 1 addresses for CSV upload {"upload_id":1} 
[2025-11-06 17:16:25] testing.INFO: Processed 5 addresses for CSV upload {"upload_id":1} 
[2025-11-06 17:16:32] testing.INFO: Processed 1 addresses for CSV upload {"upload_id":1} 
[2025-11-06 17:17:58] testing.INFO: Processed 5 addresses for CSV upload {"upload_id":1} 
[2025-11-06 17:18:04] testing.INFO: Processed 1 addresses for CSV upload {"upload_id":1} 
[2025-11-06 21:07:36] testing.INFO: Processed 5 addresses for CSV upload {"upload_id":1} 
[2025-11-06 21:07:42] testing.INFO: Processed 1 addresses for CSV upload {"upload_id":1} 
[2025-11-06 21:09:27] testing.INFO: Processed 5 addresses for CSV upload {"upload_id":1} 
[2025-11-06 21:09:34] testing.INFO: Processed 1 addresses for CSV upload {"upload_id":1} 
[2025-11-06 21:10:55] testing.INFO: Processed 5 addresses for CSV upload {"upload_id":1} 
[2025-11-06 21:11:01] testing.INFO: Processed 1 addresses for CSV upload {"upload_id":1} 
[2025-11-06 21:11:39] testing.INFO: Processed 5 addresses for CSV upload {"upload_id":1} 
[2025-11-06 21:11:44] testing.INFO: Processed 1 addresses for CSV upload {"upload_id":1} 
